<?xml version="1.0" encoding="UTF-8"?>
<testsuite xmlns:xsi="http://www.w3.org/2001/XMLSchema-instance" xsi:noNamespaceSchemaLocation="https://maven.apache.org/surefire/maven-surefire-plugin/xsd/surefire-test-report-3.0.xsd" version="3.0" name="org.example.HashSetTest" time="0.027" tests="4" errors="0" skipped="0" failures="0">
  <properties>
    <property name="java.specification.version" value="23"/>
    <property name="sun.jnu.encoding" value="UTF-8"/>
    <property name="java.class.path" value="/Users/dataico/JavaTraining/target/test-classes:/Users/dataico/JavaTraining/target/classes:/Users/dataico/.m2/repository/com/googlecode/lanterna/lanterna/3.1.2/lanterna-3.1.2.jar:/Users/dataico/.m2/repository/org/clojure/clojure/1.11.3/clojure-1.11.3.jar:/Users/dataico/.m2/repository/org/clojure/spec.alpha/0.3.218/spec.alpha-0.3.218.jar:/Users/dataico/.m2/repository/org/clojure/core.specs.alpha/0.2.62/core.specs.alpha-0.2.62.jar:/Users/dataico/.m2/repository/junit/junit/4.13.1/junit-4.13.1.jar:/Users/dataico/.m2/repository/org/hamcrest/hamcrest-core/1.3/hamcrest-core-1.3.jar:"/>
    <property name="java.vm.vendor" value="Homebrew"/>
    <property name="sun.arch.data.model" value="64"/>
    <property name="java.vendor.url" value="https://github.com/Homebrew/homebrew-core/issues"/>
    <property name="os.name" value="Mac OS X"/>
    <property name="java.vm.specification.version" value="23"/>
    <property name="sun.java.launcher" value="SUN_STANDARD"/>
    <property name="user.country" value="CO"/>
    <property name="sun.boot.library.path" value="/opt/homebrew/Cellar/openjdk/23.0.1/libexec/openjdk.jdk/Contents/Home/lib"/>
    <property name="sun.java.command" value="/Users/dataico/JavaTraining/target/surefire/surefirebooter-20250207211157813_3.jar /Users/dataico/JavaTraining/target/surefire 2025-02-07T21-11-57_756-jvmRun1 surefire-20250207211157813_1tmp surefire_0-20250207211157813_2tmp"/>
    <property name="http.nonProxyHosts" value="local|*.local|169.254/16|*.169.254/16"/>
    <property name="jdk.debug" value="release"/>
    <property name="surefire.test.class.path" value="/Users/dataico/JavaTraining/target/test-classes:/Users/dataico/JavaTraining/target/classes:/Users/dataico/.m2/repository/com/googlecode/lanterna/lanterna/3.1.2/lanterna-3.1.2.jar:/Users/dataico/.m2/repository/org/clojure/clojure/1.11.3/clojure-1.11.3.jar:/Users/dataico/.m2/repository/org/clojure/spec.alpha/0.3.218/spec.alpha-0.3.218.jar:/Users/dataico/.m2/repository/org/clojure/core.specs.alpha/0.2.62/core.specs.alpha-0.2.62.jar:/Users/dataico/.m2/repository/junit/junit/4.13.1/junit-4.13.1.jar:/Users/dataico/.m2/repository/org/hamcrest/hamcrest-core/1.3/hamcrest-core-1.3.jar:"/>
    <property name="sun.cpu.endian" value="little"/>
    <property name="user.home" value="/Users/dataico"/>
    <property name="user.language" value="en"/>
    <property name="java.specification.vendor" value="Oracle Corporation"/>
    <property name="java.version.date" value="2024-10-15"/>
    <property name="java.home" value="/opt/homebrew/Cellar/openjdk/23.0.1/libexec/openjdk.jdk/Contents/Home"/>
    <property name="file.separator" value="/"/>
    <property name="basedir" value="/Users/dataico/JavaTraining"/>
    <property name="java.vm.compressedOopsMode" value="Zero based"/>
    <property name="line.separator" value="&#10;"/>
    <property name="java.vm.specification.vendor" value="Oracle Corporation"/>
    <property name="java.specification.name" value="Java Platform API Specification"/>
    <property name="apple.awt.application.name" value="ForkedBooter"/>
    <property name="surefire.real.class.path" value="/Users/dataico/JavaTraining/target/surefire/surefirebooter-20250207211157813_3.jar"/>
    <property name="sun.management.compiler" value="HotSpot 64-Bit Tiered Compilers"/>
    <property name="ftp.nonProxyHosts" value="local|*.local|169.254/16|*.169.254/16"/>
    <property name="java.runtime.version" value="23.0.1"/>
    <property name="user.name" value="dataico"/>
    <property name="stdout.encoding" value="UTF-8"/>
    <property name="path.separator" value=":"/>
    <property name="os.version" value="14.6.1"/>
    <property name="java.runtime.name" value="OpenJDK Runtime Environment"/>
    <property name="file.encoding" value="UTF-8"/>
    <property name="java.vm.name" value="OpenJDK 64-Bit Server VM"/>
    <property name="java.vendor.version" value="Homebrew"/>
    <property name="localRepository" value="/Users/dataico/.m2/repository"/>
    <property name="java.vendor.url.bug" value="https://github.com/Homebrew/homebrew-core/issues"/>
    <property name="java.io.tmpdir" value="/var/folders/n3/mysnqsvj647bkqr9jqcn4r2c0000gn/T/"/>
    <property name="java.version" value="23.0.1"/>
    <property name="user.dir" value="/Users/dataico/JavaTraining"/>
    <property name="os.arch" value="aarch64"/>
    <property name="java.vm.specification.name" value="Java Virtual Machine Specification"/>
    <property name="native.encoding" value="UTF-8"/>
    <property name="java.library.path" value="/Users/dataico/Library/Java/Extensions:/Library/Java/Extensions:/Network/Library/Java/Extensions:/System/Library/Java/Extensions:/usr/lib/java:."/>
    <property name="java.vm.info" value="mixed mode, sharing"/>
    <property name="stderr.encoding" value="UTF-8"/>
    <property name="java.vendor" value="Homebrew"/>
    <property name="java.vm.version" value="23.0.1"/>
    <property name="sun.io.unicode.encoding" value="UnicodeBig"/>
    <property name="socksNonProxyHosts" value="local|*.local|169.254/16|*.169.254/16"/>
    <property name="java.class.version" value="67.0"/>
  </properties>
  <testcase name="can_iterate_over_the_unique_values" classname="org.example.HashSetTest" time="0.009"/>
  <testcase name="keeps_just_a_single_instance_of_an_added_item" classname="org.example.HashSetTest" time="0.0"/>
  <testcase name="union_leaves_original_sets_unchanged" classname="org.example.HashSetTest" time="0.0"/>
  <testcase name="union_combines_unique_elements_of_two_sets" classname="org.example.HashSetTest" time="0.0"/>
</testsuite>